<?xml version="1.0" encoding="UTF-8"?>
<!-- Generated by org.testng.reporters.JUnitReportReporter -->
<testsuite hostname="DESKTOP-KHS7TGV" failures="0" tests="1" name="com.scripts.actitime.TestActiTimeLogin" time="1.434" errors="0" timestamp="31 May 2021 11:35:00 GMT" skipped="0">
  <testcase classname="com.scripts.actitime.TestActiTimeLogin" name="login" time="1.434"/>
</testsuite> <!-- com.scripts.actitime.TestActiTimeLogin -->
